2019-07-30 13:52:34 - MOD: Modification Default
FILE: system/engine/action.php
REGEX: ~(require|include)(_once)?\(([^)]+)~
LINE: 39
FILE: system/engine/loader.php
REGEX: ~(require|include)(_once)?\(([^)]+)~
LINE: 20
LINE: 59
LINE: 80
LINE: 99
FILE: system/library/config.php
REGEX: ~(require|include)(_once)?\(([^)]+)~
LINE: 23
FILE: system/library/language.php
REGEX: ~(require|include)(_once)?\(([^)]+)~
LINE: 25
LINE: 31
----------------------------------------------------------------
2019-07-30 14:51:49 - MOD: Modification Default
FILE: system/engine/action.php
REGEX: ~(require|include)(_once)?\(([^)]+)~
LINE: 39
FILE: system/engine/loader.php
REGEX: ~(require|include)(_once)?\(([^)]+)~
LINE: 20
LINE: 59
LINE: 80
LINE: 99
FILE: system/library/config.php
REGEX: ~(require|include)(_once)?\(([^)]+)~
LINE: 23
FILE: system/library/language.php
REGEX: ~(require|include)(_once)?\(([^)]+)~
LINE: 25
LINE: 31
----------------------------------------------------------------
2019-07-30 14:52:08 - MOD: Modification Default
FILE: system/engine/action.php
REGEX: ~(require|include)(_once)?\(([^)]+)~
LINE: 39
FILE: system/engine/loader.php
REGEX: ~(require|include)(_once)?\(([^)]+)~
LINE: 20
LINE: 59
LINE: 80
LINE: 99
FILE: system/library/config.php
REGEX: ~(require|include)(_once)?\(([^)]+)~
LINE: 23
FILE: system/library/language.php
REGEX: ~(require|include)(_once)?\(([^)]+)~
LINE: 25
LINE: 31
----------------------------------------------------------------
2019-07-30 14:52:10 - MOD: Modification Default
FILE: system/engine/action.php
REGEX: ~(require|include)(_once)?\(([^)]+)~
LINE: 39
FILE: system/engine/loader.php
REGEX: ~(require|include)(_once)?\(([^)]+)~
LINE: 20
LINE: 59
LINE: 80
LINE: 99
FILE: system/library/config.php
REGEX: ~(require|include)(_once)?\(([^)]+)~
LINE: 23
FILE: system/library/language.php
REGEX: ~(require|include)(_once)?\(([^)]+)~
LINE: 25
LINE: 31
----------------------------------------------------------------
2019-08-01 13:08:52 - MOD: Modification Default
FILE: system/engine/action.php
REGEX: ~(require|include)(_once)?\(([^)]+)~
LINE: 39
FILE: system/engine/loader.php
REGEX: ~(require|include)(_once)?\(([^)]+)~
LINE: 20
LINE: 59
LINE: 80
LINE: 99
FILE: system/library/config.php
REGEX: ~(require|include)(_once)?\(([^)]+)~
LINE: 23
FILE: system/library/language.php
REGEX: ~(require|include)(_once)?\(([^)]+)~
LINE: 25
LINE: 31
----------------------------------------------------------------
2019-08-01 13:11:04 - MOD: Modification Default
FILE: system/engine/action.php
REGEX: ~(require|include)(_once)?\(([^)]+)~
LINE: 39
FILE: system/engine/loader.php
REGEX: ~(require|include)(_once)?\(([^)]+)~
LINE: 20
LINE: 59
LINE: 80
LINE: 99
FILE: system/library/config.php
REGEX: ~(require|include)(_once)?\(([^)]+)~
LINE: 23
FILE: system/library/language.php
REGEX: ~(require|include)(_once)?\(([^)]+)~
LINE: 25
LINE: 31
----------------------------------------------------------------
2019-08-01 13:11:04 - MOD: Modification Default
FILE: system/engine/action.php
REGEX: ~(require|include)(_once)?\(([^)]+)~
LINE: 39
FILE: system/engine/loader.php
REGEX: ~(require|include)(_once)?\(([^)]+)~
LINE: 20
LINE: 59
LINE: 80
LINE: 99
FILE: system/library/config.php
REGEX: ~(require|include)(_once)?\(([^)]+)~
LINE: 23
FILE: system/library/language.php
REGEX: ~(require|include)(_once)?\(([^)]+)~
LINE: 25
LINE: 31
----------------------------------------------------------------
2019-08-01 13:54:51 - MOD: Modification Default
FILE: system/engine/action.php
REGEX: ~(require|include)(_once)?\(([^)]+)~
LINE: 39
FILE: system/engine/loader.php
REGEX: ~(require|include)(_once)?\(([^)]+)~
LINE: 20
LINE: 59
LINE: 80
LINE: 99
FILE: system/library/config.php
REGEX: ~(require|include)(_once)?\(([^)]+)~
LINE: 23
FILE: system/library/language.php
REGEX: ~(require|include)(_once)?\(([^)]+)~
LINE: 25
LINE: 31
----------------------------------------------------------------
2019-08-01 13:58:46 - MOD: Modification Default
FILE: system/engine/action.php
REGEX: ~(require|include)(_once)?\(([^)]+)~
LINE: 39
FILE: system/engine/loader.php
REGEX: ~(require|include)(_once)?\(([^)]+)~
LINE: 20
LINE: 59
LINE: 80
LINE: 99
FILE: system/library/config.php
REGEX: ~(require|include)(_once)?\(([^)]+)~
LINE: 23
FILE: system/library/language.php
REGEX: ~(require|include)(_once)?\(([^)]+)~
LINE: 25
LINE: 31
----------------------------------------------------------------
2019-08-01 14:02:49 - MOD: Modification Default
FILE: system/engine/action.php
REGEX: ~(require|include)(_once)?\(([^)]+)~
LINE: 39
FILE: system/engine/loader.php
REGEX: ~(require|include)(_once)?\(([^)]+)~
LINE: 20
LINE: 59
LINE: 80
LINE: 99
FILE: system/library/config.php
REGEX: ~(require|include)(_once)?\(([^)]+)~
LINE: 23
FILE: system/library/language.php
REGEX: ~(require|include)(_once)?\(([^)]+)~
LINE: 25
LINE: 31
----------------------------------------------------------------
2019-08-01 14:02:51 - MOD: Modification Default
FILE: system/engine/action.php
REGEX: ~(require|include)(_once)?\(([^)]+)~
LINE: 39
FILE: system/engine/loader.php
REGEX: ~(require|include)(_once)?\(([^)]+)~
LINE: 20
LINE: 59
LINE: 80
LINE: 99
FILE: system/library/config.php
REGEX: ~(require|include)(_once)?\(([^)]+)~
LINE: 23
FILE: system/library/language.php
REGEX: ~(require|include)(_once)?\(([^)]+)~
LINE: 25
LINE: 31
----------------------------------------------------------------
2019-08-04 13:05:29 - MOD: Modification Default
FILE: system/engine/action.php
REGEX: ~(require|include)(_once)?\(([^)]+)~
LINE: 39
FILE: system/engine/loader.php
REGEX: ~(require|include)(_once)?\(([^)]+)~
LINE: 20
LINE: 59
LINE: 80
LINE: 99
FILE: system/library/config.php
REGEX: ~(require|include)(_once)?\(([^)]+)~
LINE: 23
FILE: system/library/language.php
REGEX: ~(require|include)(_once)?\(([^)]+)~
LINE: 25
LINE: 31
----------------------------------------------------------------
2019-08-06 14:40:37 - MOD: Modification Default
FILE: system/engine/action.php
REGEX: ~(require|include)(_once)?\(([^)]+)~
LINE: 39
FILE: system/engine/loader.php
REGEX: ~(require|include)(_once)?\(([^)]+)~
LINE: 20
LINE: 59
LINE: 80
LINE: 99
FILE: system/library/config.php
REGEX: ~(require|include)(_once)?\(([^)]+)~
LINE: 23
FILE: system/library/language.php
REGEX: ~(require|include)(_once)?\(([^)]+)~
LINE: 25
LINE: 31
----------------------------------------------------------------
2019-08-07 16:36:00 - MOD: Modification Default
FILE: system/engine/action.php
REGEX: ~(require|include)(_once)?\(([^)]+)~
LINE: 39
FILE: system/engine/loader.php
REGEX: ~(require|include)(_once)?\(([^)]+)~
LINE: 20
LINE: 59
LINE: 80
LINE: 99
FILE: system/library/config.php
REGEX: ~(require|include)(_once)?\(([^)]+)~
LINE: 23
FILE: system/library/language.php
REGEX: ~(require|include)(_once)?\(([^)]+)~
LINE: 25
LINE: 31
----------------------------------------------------------------
2019-08-08 14:46:39 - MOD: Modification Default
FILE: system/engine/action.php
REGEX: ~(require|include)(_once)?\(([^)]+)~
LINE: 39
FILE: system/engine/loader.php
REGEX: ~(require|include)(_once)?\(([^)]+)~
LINE: 20
LINE: 59
LINE: 80
LINE: 99
FILE: system/library/config.php
REGEX: ~(require|include)(_once)?\(([^)]+)~
LINE: 23
FILE: system/library/language.php
REGEX: ~(require|include)(_once)?\(([^)]+)~
LINE: 25
LINE: 31
----------------------------------------------------------------
2019-08-08 14:51:11 - MOD: Modification Default
FILE: system/engine/action.php
REGEX: ~(require|include)(_once)?\(([^)]+)~
LINE: 39
FILE: system/engine/loader.php
REGEX: ~(require|include)(_once)?\(([^)]+)~
LINE: 20
LINE: 59
LINE: 80
LINE: 99
FILE: system/library/config.php
REGEX: ~(require|include)(_once)?\(([^)]+)~
LINE: 23
FILE: system/library/language.php
REGEX: ~(require|include)(_once)?\(([^)]+)~
LINE: 25
LINE: 31
----------------------------------------------------------------
2019-08-14 17:46:48 - MOD: Modification Default
FILE: system/engine/action.php
REGEX: ~(require|include)(_once)?\(([^)]+)~
LINE: 39
FILE: system/engine/loader.php
REGEX: ~(require|include)(_once)?\(([^)]+)~
LINE: 20
LINE: 59
LINE: 80
LINE: 99
FILE: system/library/config.php
REGEX: ~(require|include)(_once)?\(([^)]+)~
LINE: 23
FILE: system/library/language.php
REGEX: ~(require|include)(_once)?\(([^)]+)~
LINE: 25
LINE: 31
----------------------------------------------------------------
MOD: Shopencart News/Blog integration OCmod
FILE: admin/controller/common/menu.php
CODE: $data['openbay_link_amazonus_links'] = $this->url->link('openbay/amazonus/itemlinks', 'token=' . $this->session->data['token'], 'SSL');
LINE: 230
FILE: admin/view/template/common/menu.tpl
CODE: <li id="reports"><a class="parent"><i class="fa fa-bar-chart-o fa-fw"></i> <span><?php echo $text_reports; ?></span></a>
LINE: 178
FILE: admin/controller/common/dashboard.php
CODE: $data['footer'] = $this->load->controller('common/footer');
LINE: 46
FILE: admin/view/template/common/dashboard.tpl
CODE: <?php if ($error_install) { ?>
LINE: 15
FILE: catalog/controller/common/column_left.php
CODE: $this->load->model('catalog/information');
LINE: 31
CODE: if ($route == 'product/category' && isset($this->request->get['path'])) {
LINE: 23
FILE: catalog/controller/common/column_right.php
CODE: $this->load->model('catalog/information');
LINE: 31
CODE: if ($route == 'product/category' && isset($this->request->get['path'])) {
LINE: 23
FILE: catalog/controller/common/content_top.php
CODE: $this->load->model('catalog/information');
LINE: 31
CODE: if ($route == 'product/category' && isset($this->request->get['path'])) {
LINE: 23
FILE: catalog/controller/common/content_bottom.php
CODE: $this->load->model('catalog/information');
LINE: 31
CODE: if ($route == 'product/category' && isset($this->request->get['path'])) {
LINE: 23
FILE: catalog/controller/common/seo_url.php
CODE: if (isset($this->request->get['route'])) {
LINE: 129
CODE: } elseif ($key == 'path') {
LINE: 154
FILE: catalog/controller/common/footer.php
CODE: $data['newsletter'] = $this->url->link('account/newsletter', '', 'SSL');
LINE: 78
FILE: catalog/view/theme/default/template/common/footer.tpl
CODE: <li><a href="<?php echo $special; ?>"><?php echo $text_special; ?></a></li>
NOT FOUND!
FILE: catalog/view/theme/default_old/template/common/footer.tpl
CODE: <li><a href="<?php echo $special; ?>"><?php echo $text_special; ?></a></li>
LINE: 30
FILE: system/library/document.php
CODE: private $scripts = array();
LINE: 21
FILE: catalog/controller/common/header.php
CODE: $data['scripts'] = $this->document->getScripts();
LINE: 34
FILE: catalog/view/theme/default/template/common/header.tpl
CODE: <?php if ($description) { ?>
LINE: 16
FILE: catalog/view/theme/default_old/template/common/header.tpl
CODE: <?php if ($description) { ?>
LINE: 16
----------------------------------------------------------------
2019-08-14 17:48:08 - MOD: Modification Default
FILE: system/engine/action.php
REGEX: ~(require|include)(_once)?\(([^)]+)~
LINE: 39
FILE: system/engine/loader.php
REGEX: ~(require|include)(_once)?\(([^)]+)~
LINE: 20
LINE: 59
LINE: 80
LINE: 99
FILE: system/library/config.php
REGEX: ~(require|include)(_once)?\(([^)]+)~
LINE: 23
FILE: system/library/language.php
REGEX: ~(require|include)(_once)?\(([^)]+)~
LINE: 25
LINE: 31
----------------------------------------------------------------
MOD: Shopencart News/Blog integration OCmod
FILE: admin/controller/common/menu.php
CODE: $data['openbay_link_amazonus_links'] = $this->url->link('openbay/amazonus/itemlinks', 'token=' . $this->session->data['token'], 'SSL');
LINE: 230
FILE: admin/view/template/common/menu.tpl
CODE: <li id="reports"><a class="parent"><i class="fa fa-bar-chart-o fa-fw"></i> <span><?php echo $text_reports; ?></span></a>
LINE: 178
FILE: admin/controller/common/dashboard.php
CODE: $data['footer'] = $this->load->controller('common/footer');
LINE: 46
FILE: admin/view/template/common/dashboard.tpl
CODE: <?php if ($error_install) { ?>
LINE: 15
FILE: catalog/controller/common/column_left.php
CODE: $this->load->model('catalog/information');
LINE: 31
CODE: if ($route == 'product/category' && isset($this->request->get['path'])) {
LINE: 23
FILE: catalog/controller/common/column_right.php
CODE: $this->load->model('catalog/information');
LINE: 31
CODE: if ($route == 'product/category' && isset($this->request->get['path'])) {
LINE: 23
FILE: catalog/controller/common/content_top.php
CODE: $this->load->model('catalog/information');
LINE: 31
CODE: if ($route == 'product/category' && isset($this->request->get['path'])) {
LINE: 23
FILE: catalog/controller/common/content_bottom.php
CODE: $this->load->model('catalog/information');
LINE: 31
CODE: if ($route == 'product/category' && isset($this->request->get['path'])) {
LINE: 23
FILE: catalog/controller/common/seo_url.php
CODE: if (isset($this->request->get['route'])) {
LINE: 129
CODE: } elseif ($key == 'path') {
LINE: 154
FILE: catalog/controller/common/footer.php
CODE: $data['newsletter'] = $this->url->link('account/newsletter', '', 'SSL');
LINE: 78
FILE: catalog/view/theme/default/template/common/footer.tpl
CODE: <li><a href="<?php echo $special; ?>"><?php echo $text_special; ?></a></li>
NOT FOUND!
FILE: catalog/view/theme/default_old/template/common/footer.tpl
CODE: <li><a href="<?php echo $special; ?>"><?php echo $text_special; ?></a></li>
LINE: 30
FILE: system/library/document.php
CODE: private $scripts = array();
LINE: 21
FILE: catalog/controller/common/header.php
CODE: $data['scripts'] = $this->document->getScripts();
LINE: 34
FILE: catalog/view/theme/default/template/common/header.tpl
CODE: <?php if ($description) { ?>
LINE: 16
FILE: catalog/view/theme/default_old/template/common/header.tpl
CODE: <?php if ($description) { ?>
LINE: 16
----------------------------------------------------------------
2019-08-14 17:55:14 - MOD: Modification Default
FILE: system/engine/action.php
REGEX: ~(require|include)(_once)?\(([^)]+)~
LINE: 39
FILE: system/engine/loader.php
REGEX: ~(require|include)(_once)?\(([^)]+)~
LINE: 20
LINE: 59
LINE: 80
LINE: 99
FILE: system/library/config.php
REGEX: ~(require|include)(_once)?\(([^)]+)~
LINE: 23
FILE: system/library/language.php
REGEX: ~(require|include)(_once)?\(([^)]+)~
LINE: 25
LINE: 31
----------------------------------------------------------------
MOD: Shopencart News/Blog integration OCmod
FILE: admin/controller/common/menu.php
CODE: $data['openbay_link_amazonus_links'] = $this->url->link('openbay/amazonus/itemlinks', 'token=' . $this->session->data['token'], 'SSL');
LINE: 230
FILE: admin/view/template/common/menu.tpl
CODE: <li id="reports"><a class="parent"><i class="fa fa-bar-chart-o fa-fw"></i> <span><?php echo $text_reports; ?></span></a>
LINE: 178
FILE: admin/controller/common/dashboard.php
CODE: $data['footer'] = $this->load->controller('common/footer');
LINE: 46
FILE: admin/view/template/common/dashboard.tpl
CODE: <?php if ($error_install) { ?>
LINE: 15
FILE: catalog/controller/common/column_left.php
CODE: $this->load->model('catalog/information');
LINE: 31
CODE: if ($route == 'product/category' && isset($this->request->get['path'])) {
LINE: 23
FILE: catalog/controller/common/column_right.php
CODE: $this->load->model('catalog/information');
LINE: 31
CODE: if ($route == 'product/category' && isset($this->request->get['path'])) {
LINE: 23
FILE: catalog/controller/common/content_top.php
CODE: $this->load->model('catalog/information');
LINE: 31
CODE: if ($route == 'product/category' && isset($this->request->get['path'])) {
LINE: 23
FILE: catalog/controller/common/content_bottom.php
CODE: $this->load->model('catalog/information');
LINE: 31
CODE: if ($route == 'product/category' && isset($this->request->get['path'])) {
LINE: 23
FILE: catalog/controller/common/seo_url.php
CODE: if (isset($this->request->get['route'])) {
LINE: 129
CODE: } elseif ($key == 'path') {
LINE: 154
FILE: catalog/controller/common/footer.php
CODE: $data['newsletter'] = $this->url->link('account/newsletter', '', 'SSL');
LINE: 78
FILE: catalog/view/theme/default/template/common/footer.tpl
CODE: <li><a href="<?php echo $special; ?>"><?php echo $text_special; ?></a></li>
NOT FOUND!
FILE: catalog/view/theme/default_old/template/common/footer.tpl
CODE: <li><a href="<?php echo $special; ?>"><?php echo $text_special; ?></a></li>
LINE: 30
FILE: system/library/document.php
CODE: private $scripts = array();
LINE: 21
FILE: catalog/controller/common/header.php
CODE: $data['scripts'] = $this->document->getScripts();
LINE: 34
FILE: catalog/view/theme/default/template/common/header.tpl
CODE: <?php if ($description) { ?>
LINE: 16
FILE: catalog/view/theme/default_old/template/common/header.tpl
CODE: <?php if ($description) { ?>
LINE: 16
----------------------------------------------------------------
2019-08-14 18:03:48 - MOD: Modification Default
FILE: system/engine/action.php
REGEX: ~(require|include)(_once)?\(([^)]+)~
LINE: 39
FILE: system/engine/loader.php
REGEX: ~(require|include)(_once)?\(([^)]+)~
LINE: 20
LINE: 59
LINE: 80
LINE: 99
FILE: system/library/config.php
REGEX: ~(require|include)(_once)?\(([^)]+)~
LINE: 23
FILE: system/library/language.php
REGEX: ~(require|include)(_once)?\(([^)]+)~
LINE: 25
LINE: 31
----------------------------------------------------------------
MOD: Shopencart News/Blog integration OCmod
FILE: admin/controller/common/menu.php
CODE: $data['openbay_link_amazonus_links'] = $this->url->link('openbay/amazonus/itemlinks', 'token=' . $this->session->data['token'], 'SSL');
LINE: 230
FILE: admin/view/template/common/menu.tpl
CODE: <li id="reports"><a class="parent"><i class="fa fa-bar-chart-o fa-fw"></i> <span><?php echo $text_reports; ?></span></a>
LINE: 178
FILE: admin/controller/common/dashboard.php
CODE: $data['footer'] = $this->load->controller('common/footer');
LINE: 46
FILE: admin/view/template/common/dashboard.tpl
CODE: <?php if ($error_install) { ?>
LINE: 15
FILE: catalog/controller/common/column_left.php
CODE: $this->load->model('catalog/information');
LINE: 31
CODE: if ($route == 'product/category' && isset($this->request->get['path'])) {
LINE: 23
FILE: catalog/controller/common/column_right.php
CODE: $this->load->model('catalog/information');
LINE: 31
CODE: if ($route == 'product/category' && isset($this->request->get['path'])) {
LINE: 23
FILE: catalog/controller/common/content_top.php
CODE: $this->load->model('catalog/information');
LINE: 31
CODE: if ($route == 'product/category' && isset($this->request->get['path'])) {
LINE: 23
FILE: catalog/controller/common/content_bottom.php
CODE: $this->load->model('catalog/information');
LINE: 31
CODE: if ($route == 'product/category' && isset($this->request->get['path'])) {
LINE: 23
FILE: catalog/controller/common/seo_url.php
CODE: if (isset($this->request->get['route'])) {
LINE: 129
CODE: } elseif ($key == 'path') {
LINE: 154
FILE: catalog/controller/common/footer.php
CODE: $data['newsletter'] = $this->url->link('account/newsletter', '', 'SSL');
LINE: 78
FILE: catalog/view/theme/default/template/common/footer.tpl
CODE: <li><a href="<?php echo $special; ?>"><?php echo $text_special; ?></a></li>
NOT FOUND!
FILE: catalog/view/theme/default_old/template/common/footer.tpl
CODE: <li><a href="<?php echo $special; ?>"><?php echo $text_special; ?></a></li>
LINE: 30
FILE: system/library/document.php
CODE: private $scripts = array();
LINE: 21
FILE: catalog/controller/common/header.php
CODE: $data['scripts'] = $this->document->getScripts();
LINE: 34
FILE: catalog/view/theme/default/template/common/header.tpl
CODE: <?php if ($description) { ?>
LINE: 16
FILE: catalog/view/theme/default_old/template/common/header.tpl
CODE: <?php if ($description) { ?>
LINE: 16
----------------------------------------------------------------
2019-08-14 18:03:49 - MOD: Modification Default
FILE: system/engine/action.php
REGEX: ~(require|include)(_once)?\(([^)]+)~
LINE: 39
FILE: system/engine/loader.php
REGEX: ~(require|include)(_once)?\(([^)]+)~
LINE: 20
LINE: 59
LINE: 80
LINE: 99
FILE: system/library/config.php
REGEX: ~(require|include)(_once)?\(([^)]+)~
LINE: 23
FILE: system/library/language.php
REGEX: ~(require|include)(_once)?\(([^)]+)~
LINE: 25
LINE: 31
----------------------------------------------------------------
MOD: Shopencart News/Blog integration OCmod
FILE: admin/controller/common/menu.php
CODE: $data['openbay_link_amazonus_links'] = $this->url->link('openbay/amazonus/itemlinks', 'token=' . $this->session->data['token'], 'SSL');
LINE: 230
FILE: admin/view/template/common/menu.tpl
CODE: <li id="reports"><a class="parent"><i class="fa fa-bar-chart-o fa-fw"></i> <span><?php echo $text_reports; ?></span></a>
LINE: 178
FILE: admin/controller/common/dashboard.php
CODE: $data['footer'] = $this->load->controller('common/footer');
LINE: 46
FILE: admin/view/template/common/dashboard.tpl
CODE: <?php if ($error_install) { ?>
LINE: 15
FILE: catalog/controller/common/column_left.php
CODE: $this->load->model('catalog/information');
LINE: 31
CODE: if ($route == 'product/category' && isset($this->request->get['path'])) {
LINE: 23
FILE: catalog/controller/common/column_right.php
CODE: $this->load->model('catalog/information');
LINE: 31
CODE: if ($route == 'product/category' && isset($this->request->get['path'])) {
LINE: 23
FILE: catalog/controller/common/content_top.php
CODE: $this->load->model('catalog/information');
LINE: 31
CODE: if ($route == 'product/category' && isset($this->request->get['path'])) {
LINE: 23
FILE: catalog/controller/common/content_bottom.php
CODE: $this->load->model('catalog/information');
LINE: 31
CODE: if ($route == 'product/category' && isset($this->request->get['path'])) {
LINE: 23
FILE: catalog/controller/common/seo_url.php
CODE: if (isset($this->request->get['route'])) {
LINE: 129
CODE: } elseif ($key == 'path') {
LINE: 154
FILE: catalog/controller/common/footer.php
CODE: $data['newsletter'] = $this->url->link('account/newsletter', '', 'SSL');
LINE: 78
FILE: catalog/view/theme/default/template/common/footer.tpl
CODE: <li><a href="<?php echo $special; ?>"><?php echo $text_special; ?></a></li>
NOT FOUND!
FILE: catalog/view/theme/default_old/template/common/footer.tpl
CODE: <li><a href="<?php echo $special; ?>"><?php echo $text_special; ?></a></li>
LINE: 30
FILE: system/library/document.php
CODE: private $scripts = array();
LINE: 21
FILE: catalog/controller/common/header.php
CODE: $data['scripts'] = $this->document->getScripts();
LINE: 34
FILE: catalog/view/theme/default/template/common/header.tpl
CODE: <?php if ($description) { ?>
LINE: 16
FILE: catalog/view/theme/default_old/template/common/header.tpl
CODE: <?php if ($description) { ?>
LINE: 16
----------------------------------------------------------------
2019-08-14 18:06:16 - MOD: Modification Default
FILE: system/engine/action.php
REGEX: ~(require|include)(_once)?\(([^)]+)~
LINE: 39
FILE: system/engine/loader.php
REGEX: ~(require|include)(_once)?\(([^)]+)~
LINE: 20
LINE: 59
LINE: 80
LINE: 99
FILE: system/library/config.php
REGEX: ~(require|include)(_once)?\(([^)]+)~
LINE: 23
FILE: system/library/language.php
REGEX: ~(require|include)(_once)?\(([^)]+)~
LINE: 25
LINE: 31
----------------------------------------------------------------
MOD: Shopencart News/Blog integration OCmod
FILE: admin/controller/common/menu.php
CODE: $data['openbay_link_amazonus_links'] = $this->url->link('openbay/amazonus/itemlinks', 'token=' . $this->session->data['token'], 'SSL');
LINE: 230
FILE: admin/view/template/common/menu.tpl
CODE: <li id="reports"><a class="parent"><i class="fa fa-bar-chart-o fa-fw"></i> <span><?php echo $text_reports; ?></span></a>
LINE: 178
FILE: admin/controller/common/dashboard.php
CODE: $data['footer'] = $this->load->controller('common/footer');
LINE: 46
FILE: admin/view/template/common/dashboard.tpl
CODE: <?php if ($error_install) { ?>
LINE: 15
FILE: catalog/controller/common/column_left.php
CODE: $this->load->model('catalog/information');
LINE: 31
CODE: if ($route == 'product/category' && isset($this->request->get['path'])) {
LINE: 23
FILE: catalog/controller/common/column_right.php
CODE: $this->load->model('catalog/information');
LINE: 31
CODE: if ($route == 'product/category' && isset($this->request->get['path'])) {
LINE: 23
FILE: catalog/controller/common/content_top.php
CODE: $this->load->model('catalog/information');
LINE: 31
CODE: if ($route == 'product/category' && isset($this->request->get['path'])) {
LINE: 23
FILE: catalog/controller/common/content_bottom.php
CODE: $this->load->model('catalog/information');
LINE: 31
CODE: if ($route == 'product/category' && isset($this->request->get['path'])) {
LINE: 23
FILE: catalog/controller/common/seo_url.php
CODE: if (isset($this->request->get['route'])) {
LINE: 129
CODE: } elseif ($key == 'path') {
LINE: 154
FILE: catalog/controller/common/footer.php
CODE: $data['newsletter'] = $this->url->link('account/newsletter', '', 'SSL');
LINE: 78
FILE: catalog/view/theme/default/template/common/footer.tpl
CODE: <li><a href="<?php echo $special; ?>"><?php echo $text_special; ?></a></li>
NOT FOUND!
FILE: catalog/view/theme/default_old/template/common/footer.tpl
CODE: <li><a href="<?php echo $special; ?>"><?php echo $text_special; ?></a></li>
LINE: 30
FILE: system/library/document.php
CODE: private $scripts = array();
LINE: 21
FILE: catalog/controller/common/header.php
CODE: $data['scripts'] = $this->document->getScripts();
LINE: 34
FILE: catalog/view/theme/default/template/common/header.tpl
CODE: <?php if ($description) { ?>
LINE: 16
FILE: catalog/view/theme/default_old/template/common/header.tpl
CODE: <?php if ($description) { ?>
LINE: 16
----------------------------------------------------------------
2019-08-14 18:47:53 - MOD: Modification Default
FILE: system/engine/action.php
REGEX: ~(require|include)(_once)?\(([^)]+)~
LINE: 39
FILE: system/engine/loader.php
REGEX: ~(require|include)(_once)?\(([^)]+)~
LINE: 20
LINE: 59
LINE: 80
LINE: 99
FILE: system/library/config.php
REGEX: ~(require|include)(_once)?\(([^)]+)~
LINE: 23
FILE: system/library/language.php
REGEX: ~(require|include)(_once)?\(([^)]+)~
LINE: 25
LINE: 31
----------------------------------------------------------------
MOD: Shopencart News/Blog integration OCmod
FILE: admin/controller/common/menu.php
CODE: $data['openbay_link_amazonus_links'] = $this->url->link('openbay/amazonus/itemlinks', 'token=' . $this->session->data['token'], 'SSL');
LINE: 230
FILE: admin/view/template/common/menu.tpl
CODE: <li id="reports"><a class="parent"><i class="fa fa-bar-chart-o fa-fw"></i> <span><?php echo $text_reports; ?></span></a>
LINE: 178
FILE: admin/controller/common/dashboard.php
CODE: $data['footer'] = $this->load->controller('common/footer');
LINE: 46
FILE: admin/view/template/common/dashboard.tpl
CODE: <?php if ($error_install) { ?>
LINE: 15
FILE: catalog/controller/common/column_left.php
CODE: $this->load->model('catalog/information');
LINE: 31
CODE: if ($route == 'product/category' && isset($this->request->get['path'])) {
LINE: 23
FILE: catalog/controller/common/column_right.php
CODE: $this->load->model('catalog/information');
LINE: 31
CODE: if ($route == 'product/category' && isset($this->request->get['path'])) {
LINE: 23
FILE: catalog/controller/common/content_top.php
CODE: $this->load->model('catalog/information');
LINE: 31
CODE: if ($route == 'product/category' && isset($this->request->get['path'])) {
LINE: 23
FILE: catalog/controller/common/content_bottom.php
CODE: $this->load->model('catalog/information');
LINE: 31
CODE: if ($route == 'product/category' && isset($this->request->get['path'])) {
LINE: 23
FILE: catalog/controller/common/seo_url.php
CODE: if (isset($this->request->get['route'])) {
LINE: 129
CODE: } elseif ($key == 'path') {
LINE: 154
FILE: catalog/controller/common/footer.php
CODE: $data['newsletter'] = $this->url->link('account/newsletter', '', 'SSL');
LINE: 78
FILE: catalog/view/theme/default/template/common/footer.tpl
CODE: <li><a href="<?php echo $special; ?>"><?php echo $text_special; ?></a></li>
NOT FOUND!
FILE: catalog/view/theme/default_old/template/common/footer.tpl
CODE: <li><a href="<?php echo $special; ?>"><?php echo $text_special; ?></a></li>
LINE: 30
FILE: system/library/document.php
CODE: private $scripts = array();
LINE: 21
FILE: catalog/controller/common/header.php
CODE: $data['scripts'] = $this->document->getScripts();
LINE: 34
FILE: catalog/view/theme/default/template/common/header.tpl
CODE: <?php if ($description) { ?>
LINE: 16
FILE: catalog/view/theme/default_old/template/common/header.tpl
CODE: <?php if ($description) { ?>
LINE: 16
----------------------------------------------------------------
2019-08-14 19:10:02 - MOD: Modification Default
FILE: system/engine/action.php
REGEX: ~(require|include)(_once)?\(([^)]+)~
LINE: 39
FILE: system/engine/loader.php
REGEX: ~(require|include)(_once)?\(([^)]+)~
LINE: 20
LINE: 59
LINE: 80
LINE: 99
FILE: system/library/config.php
REGEX: ~(require|include)(_once)?\(([^)]+)~
LINE: 23
FILE: system/library/language.php
REGEX: ~(require|include)(_once)?\(([^)]+)~
LINE: 25
LINE: 31
----------------------------------------------------------------
MOD: Shopencart News/Blog integration OCmod
FILE: admin/controller/common/menu.php
CODE: $data['openbay_link_amazonus_links'] = $this->url->link('openbay/amazonus/itemlinks', 'token=' . $this->session->data['token'], 'SSL');
LINE: 230
FILE: admin/view/template/common/menu.tpl
CODE: <li id="reports"><a class="parent"><i class="fa fa-bar-chart-o fa-fw"></i> <span><?php echo $text_reports; ?></span></a>
LINE: 178
FILE: admin/controller/common/dashboard.php
CODE: $data['footer'] = $this->load->controller('common/footer');
LINE: 46
FILE: admin/view/template/common/dashboard.tpl
CODE: <?php if ($error_install) { ?>
LINE: 15
FILE: catalog/controller/common/column_left.php
CODE: $this->load->model('catalog/information');
LINE: 31
CODE: if ($route == 'product/category' && isset($this->request->get['path'])) {
LINE: 23
FILE: catalog/controller/common/column_right.php
CODE: $this->load->model('catalog/information');
LINE: 31
CODE: if ($route == 'product/category' && isset($this->request->get['path'])) {
LINE: 23
FILE: catalog/controller/common/content_top.php
CODE: $this->load->model('catalog/information');
LINE: 31
CODE: if ($route == 'product/category' && isset($this->request->get['path'])) {
LINE: 23
FILE: catalog/controller/common/content_bottom.php
CODE: $this->load->model('catalog/information');
LINE: 31
CODE: if ($route == 'product/category' && isset($this->request->get['path'])) {
LINE: 23
FILE: catalog/controller/common/seo_url.php
CODE: if (isset($this->request->get['route'])) {
LINE: 129
CODE: } elseif ($key == 'path') {
LINE: 154
FILE: catalog/controller/common/footer.php
CODE: $data['newsletter'] = $this->url->link('account/newsletter', '', 'SSL');
LINE: 82
FILE: catalog/view/theme/default/template/common/footer.tpl
CODE: <li><a href="<?php echo $special; ?>"><?php echo $text_special; ?></a></li>
NOT FOUND!
FILE: catalog/view/theme/default_old/template/common/footer.tpl
CODE: <li><a href="<?php echo $special; ?>"><?php echo $text_special; ?></a></li>
LINE: 30
FILE: system/library/document.php
CODE: private $scripts = array();
LINE: 21
FILE: catalog/controller/common/header.php
CODE: $data['scripts'] = $this->document->getScripts();
LINE: 34
FILE: catalog/view/theme/default/template/common/header.tpl
CODE: <?php if ($description) { ?>
LINE: 16
FILE: catalog/view/theme/default_old/template/common/header.tpl
CODE: <?php if ($description) { ?>
LINE: 16
----------------------------------------------------------------
2019-08-14 19:10:12 - MOD: Modification Default
FILE: system/engine/action.php
REGEX: ~(require|include)(_once)?\(([^)]+)~
LINE: 39
FILE: system/engine/loader.php
REGEX: ~(require|include)(_once)?\(([^)]+)~
LINE: 20
LINE: 59
LINE: 80
LINE: 99
FILE: system/library/config.php
REGEX: ~(require|include)(_once)?\(([^)]+)~
LINE: 23
FILE: system/library/language.php
REGEX: ~(require|include)(_once)?\(([^)]+)~
LINE: 25
LINE: 31
----------------------------------------------------------------
MOD: Shopencart News/Blog integration OCmod
FILE: admin/controller/common/menu.php
CODE: $data['openbay_link_amazonus_links'] = $this->url->link('openbay/amazonus/itemlinks', 'token=' . $this->session->data['token'], 'SSL');
LINE: 230
FILE: admin/view/template/common/menu.tpl
CODE: <li id="reports"><a class="parent"><i class="fa fa-bar-chart-o fa-fw"></i> <span><?php echo $text_reports; ?></span></a>
LINE: 178
FILE: admin/controller/common/dashboard.php
CODE: $data['footer'] = $this->load->controller('common/footer');
LINE: 46
FILE: admin/view/template/common/dashboard.tpl
CODE: <?php if ($error_install) { ?>
LINE: 15
FILE: catalog/controller/common/column_left.php
CODE: $this->load->model('catalog/information');
LINE: 31
CODE: if ($route == 'product/category' && isset($this->request->get['path'])) {
LINE: 23
FILE: catalog/controller/common/column_right.php
CODE: $this->load->model('catalog/information');
LINE: 31
CODE: if ($route == 'product/category' && isset($this->request->get['path'])) {
LINE: 23
FILE: catalog/controller/common/content_top.php
CODE: $this->load->model('catalog/information');
LINE: 31
CODE: if ($route == 'product/category' && isset($this->request->get['path'])) {
LINE: 23
FILE: catalog/controller/common/content_bottom.php
CODE: $this->load->model('catalog/information');
LINE: 31
CODE: if ($route == 'product/category' && isset($this->request->get['path'])) {
LINE: 23
FILE: catalog/controller/common/seo_url.php
CODE: if (isset($this->request->get['route'])) {
LINE: 129
CODE: } elseif ($key == 'path') {
LINE: 154
FILE: catalog/controller/common/footer.php
CODE: $data['newsletter'] = $this->url->link('account/newsletter', '', 'SSL');
LINE: 82
FILE: catalog/view/theme/default/template/common/footer.tpl
CODE: <li><a href="<?php echo $special; ?>"><?php echo $text_special; ?></a></li>
NOT FOUND!
FILE: catalog/view/theme/default_old/template/common/footer.tpl
CODE: <li><a href="<?php echo $special; ?>"><?php echo $text_special; ?></a></li>
LINE: 30
FILE: system/library/document.php
CODE: private $scripts = array();
LINE: 21
FILE: catalog/controller/common/header.php
CODE: $data['scripts'] = $this->document->getScripts();
LINE: 34
FILE: catalog/view/theme/default/template/common/header.tpl
CODE: <?php if ($description) { ?>
LINE: 16
FILE: catalog/view/theme/default_old/template/common/header.tpl
CODE: <?php if ($description) { ?>
LINE: 16
----------------------------------------------------------------
2019-08-14 19:13:16 - MOD: Modification Default
FILE: system/engine/action.php
REGEX: ~(require|include)(_once)?\(([^)]+)~
LINE: 39
FILE: system/engine/loader.php
REGEX: ~(require|include)(_once)?\(([^)]+)~
LINE: 20
LINE: 59
LINE: 80
LINE: 99
FILE: system/library/config.php
REGEX: ~(require|include)(_once)?\(([^)]+)~
LINE: 23
FILE: system/library/language.php
REGEX: ~(require|include)(_once)?\(([^)]+)~
LINE: 25
LINE: 31
----------------------------------------------------------------
MOD: Shopencart News/Blog integration OCmod
FILE: admin/controller/common/menu.php
CODE: $data['openbay_link_amazonus_links'] = $this->url->link('openbay/amazonus/itemlinks', 'token=' . $this->session->data['token'], 'SSL');
LINE: 230
FILE: admin/view/template/common/menu.tpl
CODE: <li id="reports"><a class="parent"><i class="fa fa-bar-chart-o fa-fw"></i> <span><?php echo $text_reports; ?></span></a>
LINE: 178
FILE: admin/controller/common/dashboard.php
CODE: $data['footer'] = $this->load->controller('common/footer');
LINE: 46
FILE: admin/view/template/common/dashboard.tpl
CODE: <?php if ($error_install) { ?>
LINE: 15
FILE: catalog/controller/common/column_left.php
CODE: $this->load->model('catalog/information');
LINE: 31
CODE: if ($route == 'product/category' && isset($this->request->get['path'])) {
LINE: 23
FILE: catalog/controller/common/column_right.php
CODE: $this->load->model('catalog/information');
LINE: 31
CODE: if ($route == 'product/category' && isset($this->request->get['path'])) {
LINE: 23
FILE: catalog/controller/common/content_top.php
CODE: $this->load->model('catalog/information');
LINE: 31
CODE: if ($route == 'product/category' && isset($this->request->get['path'])) {
LINE: 23
FILE: catalog/controller/common/content_bottom.php
CODE: $this->load->model('catalog/information');
LINE: 31
CODE: if ($route == 'product/category' && isset($this->request->get['path'])) {
LINE: 23
FILE: catalog/controller/common/seo_url.php
CODE: if (isset($this->request->get['route'])) {
LINE: 129
CODE: } elseif ($key == 'path') {
LINE: 154
FILE: catalog/controller/common/footer.php
CODE: $data['newsletter'] = $this->url->link('account/newsletter', '', 'SSL');
LINE: 80
FILE: catalog/view/theme/default/template/common/footer.tpl
CODE: <li><a href="<?php echo $special; ?>"><?php echo $text_special; ?></a></li>
NOT FOUND!
FILE: catalog/view/theme/default_old/template/common/footer.tpl
CODE: <li><a href="<?php echo $special; ?>"><?php echo $text_special; ?></a></li>
LINE: 30
FILE: system/library/document.php
CODE: private $scripts = array();
LINE: 21
FILE: catalog/controller/common/header.php
CODE: $data['scripts'] = $this->document->getScripts();
LINE: 34
FILE: catalog/view/theme/default/template/common/header.tpl
CODE: <?php if ($description) { ?>
LINE: 16
FILE: catalog/view/theme/default_old/template/common/header.tpl
CODE: <?php if ($description) { ?>
LINE: 16
----------------------------------------------------------------
2019-08-14 20:29:46 - MOD: Modification Default
FILE: system/engine/action.php
REGEX: ~(require|include)(_once)?\(([^)]+)~
LINE: 39
FILE: system/engine/loader.php
REGEX: ~(require|include)(_once)?\(([^)]+)~
LINE: 20
LINE: 59
LINE: 80
LINE: 99
FILE: system/library/config.php
REGEX: ~(require|include)(_once)?\(([^)]+)~
LINE: 23
FILE: system/library/language.php
REGEX: ~(require|include)(_once)?\(([^)]+)~
LINE: 25
LINE: 31
----------------------------------------------------------------
MOD: Shopencart News/Blog integration OCmod
FILE: admin/controller/common/menu.php
CODE: $data['openbay_link_amazonus_links'] = $this->url->link('openbay/amazonus/itemlinks', 'token=' . $this->session->data['token'], 'SSL');
LINE: 230
FILE: admin/view/template/common/menu.tpl
CODE: <li id="reports"><a class="parent"><i class="fa fa-bar-chart-o fa-fw"></i> <span><?php echo $text_reports; ?></span></a>
LINE: 178
FILE: admin/controller/common/dashboard.php
CODE: $data['footer'] = $this->load->controller('common/footer');
LINE: 46
FILE: admin/view/template/common/dashboard.tpl
CODE: <?php if ($error_install) { ?>
LINE: 15
FILE: catalog/controller/common/column_left.php
CODE: $this->load->model('catalog/information');
LINE: 31
CODE: if ($route == 'product/category' && isset($this->request->get['path'])) {
LINE: 23
FILE: catalog/controller/common/column_right.php
CODE: $this->load->model('catalog/information');
LINE: 31
CODE: if ($route == 'product/category' && isset($this->request->get['path'])) {
LINE: 23
FILE: catalog/controller/common/content_top.php
CODE: $this->load->model('catalog/information');
LINE: 31
CODE: if ($route == 'product/category' && isset($this->request->get['path'])) {
LINE: 23
FILE: catalog/controller/common/content_bottom.php
CODE: $this->load->model('catalog/information');
LINE: 31
CODE: if ($route == 'product/category' && isset($this->request->get['path'])) {
LINE: 23
FILE: catalog/controller/common/seo_url.php
CODE: if (isset($this->request->get['route'])) {
LINE: 129
CODE: } elseif ($key == 'path') {
LINE: 154
FILE: catalog/controller/common/footer.php
CODE: $data['newsletter'] = $this->url->link('account/newsletter', '', 'SSL');
LINE: 80
FILE: catalog/view/theme/default/template/common/footer.tpl
CODE: <li><a href="<?php echo $special; ?>"><?php echo $text_special; ?></a></li>
NOT FOUND!
FILE: catalog/view/theme/default_old/template/common/footer.tpl
CODE: <li><a href="<?php echo $special; ?>"><?php echo $text_special; ?></a></li>
LINE: 30
FILE: system/library/document.php
CODE: private $scripts = array();
LINE: 21
FILE: catalog/controller/common/header.php
CODE: $data['scripts'] = $this->document->getScripts();
LINE: 34
FILE: catalog/view/theme/default/template/common/header.tpl
CODE: <?php if ($description) { ?>
LINE: 16
FILE: catalog/view/theme/default_old/template/common/header.tpl
CODE: <?php if ($description) { ?>
LINE: 16
----------------------------------------------------------------
2019-08-14 20:54:21 - MOD: Modification Default
FILE: system/engine/action.php
REGEX: ~(require|include)(_once)?\(([^)]+)~
LINE: 39
FILE: system/engine/loader.php
REGEX: ~(require|include)(_once)?\(([^)]+)~
LINE: 20
LINE: 59
LINE: 80
LINE: 99
FILE: system/library/config.php
REGEX: ~(require|include)(_once)?\(([^)]+)~
LINE: 23
FILE: system/library/language.php
REGEX: ~(require|include)(_once)?\(([^)]+)~
LINE: 25
LINE: 31
----------------------------------------------------------------
MOD: Shopencart News/Blog integration OCmod
FILE: admin/controller/common/menu.php
CODE: $data['openbay_link_amazonus_links'] = $this->url->link('openbay/amazonus/itemlinks', 'token=' . $this->session->data['token'], 'SSL');
LINE: 230
FILE: admin/view/template/common/menu.tpl
CODE: <li id="reports"><a class="parent"><i class="fa fa-bar-chart-o fa-fw"></i> <span><?php echo $text_reports; ?></span></a>
LINE: 178
FILE: admin/controller/common/dashboard.php
CODE: $data['footer'] = $this->load->controller('common/footer');
LINE: 46
FILE: admin/view/template/common/dashboard.tpl
CODE: <?php if ($error_install) { ?>
LINE: 15
FILE: catalog/controller/common/column_left.php
CODE: $this->load->model('catalog/information');
LINE: 31
CODE: if ($route == 'product/category' && isset($this->request->get['path'])) {
LINE: 23
FILE: catalog/controller/common/column_right.php
CODE: $this->load->model('catalog/information');
LINE: 31
CODE: if ($route == 'product/category' && isset($this->request->get['path'])) {
LINE: 23
FILE: catalog/controller/common/content_top.php
CODE: $this->load->model('catalog/information');
LINE: 31
CODE: if ($route == 'product/category' && isset($this->request->get['path'])) {
LINE: 23
FILE: catalog/controller/common/content_bottom.php
CODE: $this->load->model('catalog/information');
LINE: 31
CODE: if ($route == 'product/category' && isset($this->request->get['path'])) {
LINE: 23
FILE: catalog/controller/common/seo_url.php
CODE: if (isset($this->request->get['route'])) {
LINE: 129
CODE: } elseif ($key == 'path') {
LINE: 154
FILE: catalog/controller/common/footer.php
CODE: $data['newsletter'] = $this->url->link('account/newsletter', '', 'SSL');
LINE: 80
FILE: catalog/view/theme/default/template/common/footer.tpl
CODE: <li><a href="<?php echo $special; ?>"><?php echo $text_special; ?></a></li>
NOT FOUND!
FILE: catalog/view/theme/default_old/template/common/footer.tpl
CODE: <li><a href="<?php echo $special; ?>"><?php echo $text_special; ?></a></li>
LINE: 30
FILE: system/library/document.php
CODE: private $scripts = array();
LINE: 21
FILE: catalog/controller/common/header.php
CODE: $data['scripts'] = $this->document->getScripts();
LINE: 34
FILE: catalog/view/theme/default/template/common/header.tpl
CODE: <?php if ($description) { ?>
LINE: 16
FILE: catalog/view/theme/default_old/template/common/header.tpl
CODE: <?php if ($description) { ?>
LINE: 16
----------------------------------------------------------------
